373
334
315
318
298
313
299
352
338
366
330
348
326
344
327
346
333
347
331
356
498
671
670
466
368
345
334
315
318
298
313
299
8
352
338
366
330
348
326
344
327
346
333
347
331
356
498
671
670
466
368
345
334
315
318
298
313
299
164
179
168
175
175
175
181
181
201
193
212
200
231
213
238
201
225
196
231
196
233
204
244
207
245
208
248
216
250
222
257
230
261
239
268
251
272
263
276
270
280
276
279
284
286
303
289
304
305
319
290
310
285
310
285
315
285
319
280
369
557
670
557
369
314
326
281
311
274
300
273
299
281
303
285
307
305
319
317
324
329
332
340
328
339
332
361
351
374
340
353
316
342
308
350
323
363
330
369
335
379
350
396
367
409
382
418
394
425
397
414
387
393
374
379
367
373
371
366
366
363
377
361
374
363
375
342
370
343
372
346
374
339
372
328
415
601
672
638
416
352
364
317
340
304
327
298
316
295
302
302
301
304
308
313
290
282
252
250
227
229
213
235
221
252
220
232
200
232
211
248
221
258
238
282
262
301
276
317
291
329
302
340
319
352
334
360
350
368
354
374
371
380
383
390
391
388
411
391
397
381
398
376
403
379
414
391
417
424
658
670
671
512
464
415
447
405
433
386
415
380
411
373
390
368
384
374
391
377
384
376
375
377
368
373
359
373
354
362
331
344
310
336
299
337
297
329
293
329
295
335
294
329
294
325
287
319
287
320
294
320
297
327
309
325
326
330
313
311
307
305
311
301
316
303
316
305
446
636
636
398
369
311
331
290
320
283
322
284
323
286
321
286
322
295
325
299
328
309
335
318
336
324
340
336
341
336
326
322
310
320
305
321
307
332
308
334
307
337
304
337
304
341
303
340
301
336
299
337
313
348
316
355
316
331
305
328
306
325
313
327
319
321
344
489
670
632
413
354
347
318
334
305
331
299
327
295
328
294
329
294
335
298
337
300
340
308
345
313
349
322
354
327
349
321
337
316
329
319
327
324
326
327
329
335
326
342
327
344
324
345
321
352
321
354
319
353
317
364
332
368
335
371
325
352
322
354
321
351
321
351
326
352
443
671
671
557
368
361
338
328
330
318
329
313
332
309
331
309
341
315
348
311
346
308
347
308
348
312
350
320
359
319
347
312
340
308
335
310
333
313
332
317
330
322
328
325
325
329
323
333
317
331
313
337
314
338
313
339
307
342
308
353
324
360
324
360
316
346
311
346
312
343
315
345
314
345
440
670
670
525
358
355
327
320
317
309
316
306
318
299
320
298
324
298
325
293
329
297
334
298
337
303
347
314
357
317
351
310
342
309
336
307
337
315
336
319
335
324
332
324
328
327
327
334
326
339
325
341
318
343
318
345
316
348
316
352
315
353
316
355
314
354
316
352
319
352
319
350
322
351
335
356
337
364
348
349
336
341
339
339
343
336
345
325
374
547
671
667
439
348
363
315
340
300
336
298
333
294
336
300
336
300
337
304
337
308
336
309
337
317
335
322
342
339
345
335
333
330
326
331
323
336
321
341
317
344
316
344
313
346
313
349
310
347
310
350
309
345
310
352
313
351
318
351
318
343
319
342
322
338
324
340
333
337
336
334
338
327
339
326
347
334
353
327
364
330
352
314
350
310
348
311
351
308
339
344
582
671
665
392
374
323
340
306
325
302
316
303
313
306
316
312
313
321
314
326
317
336
315
340
316
346
320
355
326
361
319
351
309
341
301
341
304
341
304
343
307
337
309
337
310
335
312
334
319
332
321
331
324
326
333
326
333
322
337
320
341
318
342
313
344
312
346
312
353
317
359
319
356
320
366
324
361
334
372
330
354
325
349
324
347
330
344
325
355
509
671
667
445
376
340
335
305
323
299
323
296
327
293
330
296
335
296
336
296
336
297
337
301
340
307
344
316
355
325
347
318
336
311
325
312
323
316
319
319
316
320
316
329
316
334
313
335
310
339
308
341
306
345
309
347
307
347
307
346
310
349
314
350
316
351
318
349
325
356
334
350
341
359
339
341
336
334
335
330
341
326
336
320
458
667
669
460
382
328
347
302
339
298
338
298
338
299
341
301
342
306
345
313
345
317
346
324
348
330
349
340
355
350
345
338
325
328
319
329
312
331
311
338
314
343
313
347
312
347
311
345
305
347
307
347
309
353
313
350
316
347
317
346
319
344
321
346
329
340
342
350
334
329
332
326
337
325
344
326
340
332
507
669
667
429
391
334
358
312
348
308
346
304
344
306
342
306
342
311
343
317
344
322
343
330
345
332
344
344
348
346
335
340
321
333
315
334
313
340
317
353
319
353
325
364
329
365
327
373
341
369
354
405
345
381
339
367
336
358
353
355
319
332
320
342
345
347
336
325
330
319
338
321
338
315
327
328
544
669
663
399
377
311
337
284
322
279
321
283
328
287
331
291
328
296
332
304
332
307
329
314
328
318
339
343
342
344
332
334
318
331
310
331
304
333
298
333
298
337
298
336
292
333
288
328
281
323
283
322
288
326
290
323
295
327
304
332
315
342
331
341
331
332
342
344
358
356
374
359
375
365
519
670
671
585
435
383
400
357
383
345
372
348
378
357
381
361
377
357
368
357
361
351
347
345
344
343
337
348
338
347
327
334
313
334
309
332
308
332
306
326
305
329
306
327
302
326
301
318
293
310
291
300
285
292
278
288
290
292
296
310
306
294
301
304
319
324
349
349
371
362
424
604
671
670
578
452
466
435
452
429
455
433
474
443
439
399
396
353
360
332
337
312
309
276
269
254
248
241
238
232
214
220
231
246
227
248
236
259
242
260
234
248
215
236
213
244
219
244
217
246
231
254
227
262
247
264
255
270
251
256
259
286
275
277
300
302
309
303
405
633
664
409
317
276
270
235
256
234
253
236
259
234
265
248
272
256
286
269
290
285
311
305
323
320
342
345
361
359
357
356
351
356
349
355
348
357
337
354
340
360
338
357
340
364
340
365
344
368
348
383
373
399
376
405
375
378
353
370
350
368
357
371
358
358
397
597
671
628
415
384
374
355
360
346
354
335
352
337
358
333
356
331
357
331
364
334
363
330
357
325
352
325
348
314
339
300
324
292
324
297
327
300
328
306
334
318
336
322
336
324
332
325
325
332
324
345
336
353
339
357
317
345
310
345
305
350
310
356
302
374
475
669
587
415
333
356
301
339
294
332
287
321
292
320
290
313
298
312
303
309
306
302
310
298
315
300
329
309
337
299
329
286
322
281
330
288
333
292
339
289
337
292
337
291
336
296
336
298
332
298
326
299
334
319
339
333
337
320
316
320
314
324
310
325
306
319
301
456
667
669
424
383
327
354
303
337
289
330
290
329
288
326
289
324
288
323
298
329
307
325
308
321
310
324
324
332
328
323
327
316
330
316
337
321
349
335
364
338
370
339
376
343
375
339
374
343
380
342
373
339
368
338
365
339
367
345
367
350
369
362
380
371
384
383
375
370
363
369
359
372
357
379
351
377
461
671
670
613
384
412
355
377
331
361
327
358
324
352
318
350
329
357
332
355
334
352
334
346
336
346
345
351
353
350
352
335
340
322
341
315
335
311
335
305
337
303
334
300
335
295
330
294
328
290
324
292
326
293
322
295
321
296
317
297
317
306
318
310
313
311
312
315
306
318
304
321
304
329
305
334
309
338
306
343
309
345
311
350
312
347
313
347
315
351
317
350
323
353
322
352
344
352
334
346
338
342
342
341
344
332
376
549
671
669
475
358
371
322
346
305
340
302
336
297
336
299
341
302
337
302
340
309
341
309
341
313
339
320
345
337
353
343
346
338
337
335
326
336
324
340
322
343
319
348
320
350
314
350
314
349
308
350
309
349
312
350
312
348
310
344
313
348
321
346
322
344
326
342
330
341
334
336
337
337
341
332
345
328
346
323
347
321
351
320
359
325
359
324
373
326
357
317
354
314
354
320
357
319
355
453
670
670
556
359
360
329
329
315
318
313
314
319
310
320
303
323
306
327
301
329
300
333
299
336
304
347
315
359
323
362
319
350
311
341
305
336
308
335
307
332
312
329
316
330
321
327
325
325
327
322
333
319
335
316
336
312
340
314
345
313
347
310
348
311
351
313
353
313
351
312
349
314
350
319
351
323
350
328
351
336
352
340
343
346
349
337
334
340
330
345
327
349
326
343
405
669
671
641
367
380
321
348
299
336
294
335
298
337
301
336
301
339
308
337
312
336
316
335
319
329
322
330
336
340
341
330
335
317
331
310
332
308
337
308
341
307
343
306
342
303
344
305
344
306
345
307
343
308
342
310
339
314
337
316
336
319
337
326
334
333
337
343
336
347
335
352
335
355
331
356
329
358
326
363
326
367
326
365
321
372
331
358
321
357
322
358
323
355
322
354
449
670
671
615
379
367
341
334
329
321
326
312
325
308
330
306
332
305
336
305
337
303
340
303
343
301
344
307
360
324
361
318
348
308
341
307
335
310
333
312
331
317
329
320
326
325
324
331
320
334
317
336
316
338
313
342
310
346
312
348
311
351
313
353
311
353
314
355
320
354
317
349
317
347
320
347
326
348
334
350
339
347
336
341
354
336
343
331
347
331
353
330
361
321
408
604
671
669
448
343
363
308
344
300
336
295
334
297
332
299
330
300
330
306
327
310
326
314
325
318
321
327
329
341
334
344
321
333
307
331
305
334
302
337
300
338
300
340
301
340
299
343
304
342
304
339
303
337
308
335
309
333
314
332
316
330
322
329
327
327
330
322
335
320
336
320
346
316
347
315
348
313
355
319
352
313
367
319
357
313
354
317
356
321
355
311
382
555
672
670
462
358
354
327
324
314
311
312
305
316
303
318
302
322
299
327
297
329
299
336
298
338
301
347
313
361
326
361
317
350
309
341
304
336
308
337
314
336
317
333
323
334
323
326
326
323
328
316
332
317
336
314
337
308
339
307
341
309
351
309
349
308
351
312
356
313
361
326
365
337
371
326
348
321
344
324
347
329
341
319
356
534
670
665
416
377
336
346
315
335
304
334
300
339
307
338
295
328
292
339
299
349
311
352
316
355
323
366
337
375
338
355
316
329
309
323
315
321
318
319
325
317
323
315
329
313
336
308
335
305
335
304
342
302
338
302
341
301
344
310
352
319
361
327
351
307
338
309
335
307
332
315
331
313
411
611
669
524
373
358
334
337
315
335
309
334
301
331
302
340
303
343
303
346
307
348
311
352
309
351
316
361
330
361
324
346
315
335
315
333
319
328
322
327
327
324
331
322
334
318
338
317
343
314
345
312
347
309
347
309
348
308
352
320
369
325
372
332
358
313
350
317
346
317
343
322
336
335
511
670
671
509
365
355
326
330
314
329
307
331
304
335
306
339
303
340
301
340
300
340
300
342
299
343
308
353
324
363
325
351
318
342
317
337
320
337
327
331
327
330
331
325
331
319
335
317
339
314
342
313
346
315
351
313
354
315
363
332
374
332
376
328
357
315
349
316
349
319
348
324
339
393
668
671
665
403
362
343
326
325
309
323
303
321
296
323
297
328
296
331
291
332
292
330
288
334
292
336
304
353
320
357
316
344
310
338
310
334
315
333
318
332
322
329
328
327
332
322
333
316
337
317
340
314
343
312
346
308
349
310
353
313
353
310
353
312
358
327
371
332
371
334
354
323
348
323
343
328
345
334
331
364
583
671
670
465
359
359
323
337
305
331
299
333
293
330
291
330
291
332
291
333
290
331
290
329
291
329
299
340
320
348
323
340
318
329
318
324
319
321
325
321
332
319
337
317
340
314
339
308
343
307
345
309
350
308
349
306
348
307
350
310
352
313
351
316
349
319
351
326
348
330
346
334
350
355
355
356
357
357
335
350
334
355
330
359
332
358
323
470
669
672
611
402
335
359
305
339
290
330
288
325
287
321
289
320
293
318
298
316
300
312
303
307
308
307
322
321
338
322
338
312
338
309
339
303
339
304
343
302
342
301
346
301
343
303
342
303
341
304
338
305
337
309
334
313
330
312
324
317
322
321
322
329
320
331
317
336
316
341
313
344
314
348
314
351
318
365
322
365
329
361
312
355
311
349
313
348
317
342
317
479
671
671
556
373
348
334
320
314
315
301
312
298
319
296
323
298
327
295
330
294
333
296
336
294
337
295
345
313
363
322
358
315
348
310
343
310
335
313
334
314
330
319
328
323
323
327
320
329
314
334
316
339
313
343
310
345
310
348
310
349
310
355
312
351
310
352
310
349
311
351
318
349
317
346
322
346
328
343
332
346
342
338
344
351
350
333
349
327
349
325
353
326
348
333
543
671
670
488
393
334
357
304
340
296
335
295
331
297
332
302
331
305
330
311
326
314
323
318
319
325
324
338
334
354
336
354
324
348
316
346
310
347
308
346
307
348
306
350
309
353
311
353
311
348
313
346
313
344
318
342
323
343
329
340
334
338
338
334
341
329
342
327
345
325
349
320
355
322
355
320
359
319
365
328
366
319
374
329
361
319
355
320
355
323
355
322
343
432
670
671
624
383
360
340
329
327
314
323
305
324
300
326
298
329
298
331
296
338
299
338
295
339
299
345
310
359
325
365
322
353
317
345
317
341
317
336
319
333
322
326
325
325
332
325
336
320
338
314
339
311
343
310
344
309
349
307
348
304
346
306
353
310
348
308
349
311
349
315
348
319
345
322
341
327
342
331
338
336
340
350
335
347
344
360
330
353
324
352
322
358
322
356
311
458
669
672
614
403
338
359
308
341
298
333
299
336
304
332
306
329
309
326
312
324
318
319
320
314
323
312
334
324
352
328
355
320
348
309
344
305
344
303
345
302
345
305
346
303
343
305
341
305
341
310
337
314
339
321
338
324
336
327
328
329
326
336
327
341
323
344
321
346
319
351
317
352
315
353
314
357
316
367
322
363
332
368
320
358
319
351
319
351
325
348
313
377
574
670
667
418
369
343
335
317
324
307
322
300
325
295
324
293
330
293
332
294
337
295
339
294
341
303
347
313
358
321
356
315
341
307
333
311
328
313
330
320
329
323
321
327
320
330
316
333
315
339
312
341
308
344
308
346
305
349
305
348
306
350
307
352
309
352
311
348
314
347
317
353
326
346
332
357
334
336
333
333
333
327
339
328
335
319
469
670
669
470
389
334
351
307
342
297
338
294
335
295
337
298
339
302
340
307
343
312
343
319
344
324
342
337
354
347
348
341
329
328
318
328
309
330
307
334
308
344
311
345
305
343
303
349
307
349
307
353
311
351
306
345
310
345
313
343
318
340
321
339
331
348
337
349
352
338
336
325
339
322
346
327
352
318
346
408
667
669
548
364
387
321
353
306
348
303
340
295
340
300
337
303
335
310
340
315
339
322
340
332
338
335
337
345
336
342
319
332
306
325
299
330
297
333
296
336
298
339
299
336
291
337
295
338
296
337
296
331
298
335
301
330
304
329
309
330
329
332
332
337
329
311
321
302
320
302
329
307
327
290
417
603
668
483
385
322
353
297
336
287
329
286
331
287
329
293
327
300
326
303
333
313
326
322
336
330
337
337
339
345
327
341
314
330
300
322
292
331
297
332
297
337
296
340
294
346
295
337
298
341
303
342
301
338
302
341
322
349
328
351
326
332
324
326
321
324
329
320
335
304
384
542
670
518
389
331
350
304
343
297
336
293
337
293
338
295
338
298
340
307
343
311
343
314
343
322
344
331
346
338
339
334
326
327
318
331
318
332
313
337
312
342
315
349
315
353
312
351
311
354
310
353
308
349
309
347
308
346
313
348
319
355
336
357
344
352
332
337
332
332
335
327
341
329
337
343
531
670
670
429
384
333
355
309
347
303
343
297
339
294
338
295
339
300
337
302
339
304
337
312
336
318
338
334
349
344
341
337
327
334
322
338
319
343
317
344
314
350
316
353
316
358
316
360
312
354
310
355
313
353
313
353
315
351
319
352
324
351
330
345
331
340
335
341
340
339
347
338
349
334
352
341
371
341
376
339
365
325
367
323
360
319
368
325
359
345
583
671
671
459
381
339
351
313
336
310
329
310
324
311
318
316
317
322
314
324
310
330
309
333
305
339
309
354
326
367
322
360
314
354
307
350
309
353
315
353
317
354
318
353
322
350
325
346
327
339
329
333
328
329
335
328
336
322
340
324
346
316
348
318
351
314
353
312
354
311
356
312
357
315
356
314
356
320
358
321
357
323
352
326
353
332
352
349
355
346
350
347
334
342
331
345
325
348
326
352
319
439
665
671
637
405
340
363
305
341
295
337
292
334
294
332
297
330
297
328
301
325
305
325
312
322
316
322
327
332
348
339
351
330
344
318
346
315
348
316
354
313
353
312
356
314
359
315
359
316
354
313
351
313
347
316
346
321
347
326
342
326
337
329
335
336
334
341
330
344
325
348
323
349
321
355
321
356
319
357
319
363
319
362
316
360
317
360
317
355
318
354
321
354
325
351
322
354
337
339
331
334
331
330
336
332
344
320
404
626
671
657
411
341
354
302
334
287
328
288
330
283
324
280
326
285
327
288
328
297
330
296
326
302
327
314
338
332
345
336
334
332
321
328
317
333
314
339
314
346
314
348
312
347
308
352
309
351
309
351
310
355
313
353
314
348
312
345
314
344
321
342
323
340
328
337
333
336
336
332
343
331
347
327
349
321
352
323
355
317
356
318
358
315
359
317
365
324
365
319
374
332
362
325
355
325
356
330
355
332
342
413
667
670
625
388
361
348
323
333
312
328
300
327
297
330
297
334
295
337
296
340
299
344
301
344
303
346
307
354
324
361
322
348
312
334
309
328
309
322
316
324
321
320
323
314
328
311
329
307
335
306
336
303
340
303
345
305
345
299
344
301
345
301
341
302
344
306
344
308
341
313
339
316
339
322
338
329
336
334
332
337
340
348
329
354
337
347
316
346
312
347
309
349
310
337
321
527
669
667
413
386
321
343
296
330
296
329
295
319
295
318
301
315
303
314
310
315
322
319
332
320
335
319
348
326
354
318
347
302
337
294
334
292
338
295
340
296
341
297
339
299
336
301
338
303
335
308
332
311
330
318
328
321
323
325
322
332
323
340
321
345
323
349
323
355
319
359
327
366
323
374
330
362
317
359
315
355
317
360
324
347
335
521
669
669
442
381
346
342
326
325
323
317
322
312
324
308
329
306
333
306
338
307
343
305
348
307
349
309
360
325
367
319
357
310
345
307
342
308
341
314
337
317
333
318
331
323
330
329
327
332
321
334
319
341
317
344
313
343
311
347
305
346
307
349
305
360
324
366
324
369
316
349
312
348
312
343
315
342
312
338
430
669
671
503
363
345
332
316
322
300
317
294
320
291
319
289
324
291
334
293
336
298
345
300
346
303
346
310
354
320
356
319
346
315
340
317
336
320
337
328
334
331
332
336
330
342
329
347
327
349
325
351
320
356
319
356
315
355
313
356
316
362
331
372
330
375
325
352
316
350
317
345
323
344
324
334
400
656
670
589
380
350
342
317
327
305
327
300
329
296
331
296
336
294
336
295
336
294
339
297
341
301
345
309
356
324
357
324
343
313
334
312
328
318
325
323
327
330
324
335
322
336
315
338
316
344
313
346
310
349
310
351
308
354
309
354
311
354
312
361
326
360
324
360
321
344
318
340
320
339
326
337
325
331
456
670
670
521
380
342
347
315
337
302
331
289
326
288
331
293
335
287
334
291
338
297
337
299
338
303
342
314
352
331
354
326
338
321
331
324
328
327
321
330
317
335
317
336
316
340
309
342
305
341
299
338
296
340
297
338
297
340
297
340
299
341
306
340
308
342
315
343
331
353
334
354
345
341
335
333
339
328
340
329
347
312
376
548
672
665
439
343
365
308
344
293
335
292
337
291
335
292
334
297
335
302
336
309
338
316
338
323
338
333
348
352
349
348
337
346
326
344
320
347
321
353
318
355
319
361
320
361
319
363
318
361
317
358
316
360
321
357
320
351
323
347
322
343
322
337
326
333
338
343
343
339
348
331
341
320
344
315
342
311
346
302
353
460
670
670
499
342
367
304
339
294
330
290
327
292
324
295
324
300
325
310
332
320
331
325
326
330
328
337
331
356
340
355
327
349
315
347
309
347
308
349
307
348
304
347
300
342
308
345
302
343
310
345
314
341
312
335
315
333
321
330
326
329
329
325
345
331
345
336
356
326
346
319
346
314
346
315
349
300
368
523
671
662
435
347
357
307
334
296
320
294
319
297
319
303
318
309
317
311
316
320
319
326
318
333
317
340
324
350
322
343
307
337
297
330
294
334
296
337
300
342
302
341
303
338
306
337
309
328
314
328
319
327
324
325
328
323
336
321
338
318
340
316
341
316
349
328
349
329
355
320
337
314
334
314
333
314
332
312
333
469
669
669
472
366
344
327
312
317
303
316
305
321
303
320
301
322
304
329
306
335
311
341
315
344
319
346
327
356
333
352
324
341
317
331
314
329
319
328
321
326
322
322
323
320
328
318
328
316
331
316
337
315
334
312
334
311
336
312
338
314
338
313
340
315
342
317
338
320
343
324
346
334
345
333
350
344
344
334
334
334
329
335
327
336
320
340
455
670
670
498
363
362
325
339
310
333
305
329
305
329
304
330
309
330
311
333
316
334
321
337
326
338
332
345
346
350
346
338
336
325
331
321
335
321
339
321
341
321
344
320
342
319
345
319
342
317
340
314
340
315
338
316
338
322
339
321
334
322
336
327
335
331
337
333
331
336
331
341
338
357
342
363
356
369
346
367
343
361
339
364
342
366
338
464
669
671
639
429
382
386
353
375
359
386
384
409
403
430
436
456
458
465
466
465
461
446
438
409
399
363
350
315
318
277
281
244
262
236
262
243
279
264
302
283
314
297
325
303
319
295
305
281
287
265
271
258
262
255
257
259
260
269
264
276
263
276
260
279
263
282
258
281
255
280
256
282
265
300
275
307
299
316
292
317
298
316
301
320
306
319
299
378
614
670
603
368
347
321
316
305
313
306
317
303
320
305
325
307
331
310
335
314
340
315
343
322
348
326
357
339
367
345
361
334
347
328
341
327
341
330
337
334
337
335
336
338
331
338
331
339
327
343
325
342
323
345
323
351
325
348
324
352
327
352
326
350
323
347
324
344
326
345
326
345
338
349
339
361
356
349
343
343
344
342
350
343
351
328
381
567
670
664
433
360
362
322
339
311
335
307
332
306
331
305
331
312
335
316
340
324
341
329
344
336
346
343
353
355
357
354
342
340
328
335
322
336
323
341
323
342
321
342
318
342
317
342
318
342
314
343
318
341
318
339
318
338
320
335
319
333
321
331
321
331
328
332
331
334
342
338
344
345
347
327
338
323
338
321
341
324
345
313
392
582
671
618
404
353
355
318
334
306
324
297
318
299
317
298
316
302
315
304
323
315
325
321
330
329
333
337
337
348
340
343
323
333
313
328
312
335
313
334
308
337
309
333
308
336
307
333
307
333
308
329
307
330
311
329
314
330
319
333
327
334
333
334
337
334
337
338
355
342
359
349
357
331
350
324
347
326
353
327
349
322
455
669
671
576
386
345
348
315
329
306
323
305
321
308
318
307
317
313
318
319
320
323
318
329
321
337
326
345
333
356
331
347
316
334
308
337
307
335
305
332
302
330
304
335
307
330
303
331
305
330
310
327
313
326
314
325
316
324
321
321
321
319
329
321
332
320
338
321
344
328
347
327
360
323
347
317
347
315
347
315
351
315
346
423
670
671
582
361
366
324
333
310
323
311
318
311
316
317
318
321
318
327
319
331
314
337
319
343
322
352
328
363
336
362
323
351
316
344
310
343
312
343
313
344
319
342
321
341
322
340
323
336
327
335
332
331
331
327
334
323
336
322
339
319
339
316
341
316
345
317
349
318
347
326
355
326
353
338
344
323
338
328
338
333
334
335
328
340
459
670
670
520
362
361
324
331
310
329
305
325
299
324
296
323
299
325
302
327
309
334
310
334
314
336
320
345
334
348
332
339
323
324
316
318
319
319
318
317
320
311
319
312
324
313
329
311
328
312
328
311
332
309
333
312
335
312
336
313
339
318
342
321
342
322
340
324
340
328
345
337
345
348
349
336
333
334
331
337
331
343
332
334
355
559
670
666
411
382
339
349
314
336
305
331
303
330
299
329
303
332
303
331
306
332
312
337
318
338
324
341
335
352
344
346
336
332
330
325
331
322
333
321
336
319
338
318
342
316
343
316
345
313
348
312
342
311
343
312
343
312
344
316
345
318
342
320
341
322
343
330
343
332
338
339
348
347
345
359
339
344
332
350
328
349
329
354
323
349
413
670
671
635
364
376
322
345
304
335
298
328
299
328
303
327
302
325
310
328
316
328
324
329
327
326
333
331
351
342
357
334
347
320
342
312
341
308
340
308
339
308
343
309
345
309
344
312
344
312
343
311
341
316
340
321
336
320
334
324
333
328
329
331
328
338
325
340
326
343
321
343
316
344
317
353
316
352
327
356
311
346
309
345
309
347
316
347
313
438
667
671
600
383
347
341
316
320
310
312
310
309
316
306
319
305
322
301
324
302
330
300
331
302
338
306
347
314
355
316
350
309
337
297
333
300
332
306
336
306
329
310
330
319
332
319
326
323
322
325
320
329
319
336
317
336
313
340
314
345
311
345
310
345
307
346
310
351
312
353
315
352
331
354
315
341
314
339
315
333
320
333
312
381
593
670
624
386
364
329
331
308
326
306
328
300
329
300
335
303
337
301
338
303
344
308
349
316
354
322
362
335
367
334
355
322
341
319
330
316
325
319
323
322
321
325
318
330
316
332
313
333
307
334
304
335
305
339
305
341
302
342
305
348
309
345
311
356
321
354
330
353
317
339
318
334
319
335
328
333
316
357
551
671
665
408
371
333
338
308
327
297
326
297
327
295
331
296
336
298
337
300
340
305
343
309
346
312
345
325
355
330
349
327
337
317
328
320
326
326
324
329
320
334
321
338
317
338
311
339
312
343
311
344
306
346
309
349
313
350
314
355
319
353
319
351
322
361
339
356
345
360
337
345
333
338
334
337
340
334
335
347
536
670
671
482
383
335
346
302
333
294
330
291
329
291
330
290
333
297
333
301
335
301
335
311
340
316
343
331
353
340
346
335
333
330
322
331
323
334
317
337
318
342
314
343
314
347
313
347
307
347
307
346
308
348
311
348
312
348
314
344
313
342
318
344
323
346
340
348
338
355
347
338
339
327
338
324
343
324
349
316
400
608
671
665
431
344
359
307
339
295
332
293
331
291
328
291
326
296
326
300
327
305
324
310
326
318
327
326
333
339
331
334
317
327
304
322
302
323
298
332
300
333
297
337
299
338
300
340
300
342
305
341
305
340
307
338
310
340
314
336
319
338
323
333
326
333
333
337
342
331
350
339
347
320
342
315
345
315
350
315
345
322
509
670
670
476
388
326
348
302
332
294
330
299
325
300
326
306
325
310
323
315
321
320
322
329
327
338
325
346
334
354
327
348
312
337
301
337
306
340
301
339
304
344
305
342
304
340
306
343
309
340
314
342
318
337
321
336
324
331
327
331
334
329
338
327
345
334
353
332
366
330
353
320
351
316
355
321
358
318
344
373
631
670
620
377
383
326
344
310
334
307
329
306
324
315
326
317
324
324
325
333
326
340
329
347
328
354
335
367
338
367
328
358
312
348
306
347
307
347
308
346
308
345
309
342
311
342
312
340
317
336
315
330
319
326
322
328
326
324
334
324
338
322
347
320
344
325
361
322
361
337
366
321
361
323
359
321
363
329
363
321
447
668
671
587
387
343
343
315
349
359
399
423
466
498
525
552
559
570
554
562
526
530
486
495
438
446
383
400
340
358
289
298
244
271
216
247
198
226
187
214
185
220
199
241
223
241
224
236
229
232
227
231
230
225
234
226
245
234
263
246
275
245
272
253
290
260
296
269
317
282
322
304
341
303
341
309
346
321
357
338
371
343
414
612
671
666
450
401
383
366
352
348
329
338
311
321
291
308
277
304
267
299
267
306
271
315
280
330
300
355
326
373
336
371
334
368
337
367
344
375
357
376
361
374
366
373
371
